<?xml version="1.0" encoding="UTF-8"?>
<!-- Generated by org.testng.reporters.JUnitReportReporter -->
<testsuite name="com.valentine.test.AddItemToCartTest" tests="2" time="14.363" ignored="0" failures="0" timestamp="11 трав. 2017 14:52:35 GMT" skipped="0" hostname="ONagirna" errors="0">
  <testcase name="testAddCardButtonOpensPopup" time="8.964" classname="com.valentine.test.AddItemToCartTest"/>
  <testcase name="testAddToCartButtonOnPopupRedirectsToCartPage" time="5.399" classname="com.valentine.test.AddItemToCartTest"/>
</testsuite> <!-- com.valentine.test.AddItemToCartTest -->
