<?xml version="1.0" encoding="UTF-8"?>
<!-- Generated by org.testng.reporters.JUnitReportReporter -->
<testsuite name="com.valentine.test.AddFewItemsToCart" tests="5" time="22.915" ignored="0" failures="0" timestamp="10 трав. 2017 08:46:31 GMT" skipped="0" hostname="ONagirna" errors="0">
  <testcase name="testRedirectFromPopupToCartPage" time="5.513" classname="com.valentine.test.AddFewItemsToCart"/>
  <testcase name="testCARTbuttonOpensPopup" time="7.234" classname="com.valentine.test.AddFewItemsToCart"/>
  <testcase name="testCartPageWithTwoItems" time="5.617" classname="com.valentine.test.AddFewItemsToCart"/>
  <testcase name="testContinueShopping" time="3.296" classname="com.valentine.test.AddFewItemsToCart"/>
  <testcase name="addDifferentItemToCart" time="1.255" classname="com.valentine.test.AddFewItemsToCart"/>
</testsuite> <!-- com.valentine.test.AddFewItemsToCart -->
