<?xml version="1.0" encoding="UTF-8"?>
<!-- Generated by org.testng.reporters.JUnitReportReporter -->
<testsuite name="com.valentine.test.AddFewItemsToCart" tests="5" time="22.608" ignored="0" failures="0" timestamp="11 трав. 2017 14:52:35 GMT" skipped="0" hostname="ONagirna" errors="0">
  <testcase name="testCartPageWithTwoItems" time="5.553" classname="com.valentine.test.AddFewItemsToCart"/>
  <testcase name="addDifferentItemToCart" time="1.247" classname="com.valentine.test.AddFewItemsToCart"/>
  <testcase name="testRedirectFromPopupToCartPage" time="5.548" classname="com.valentine.test.AddFewItemsToCart"/>
  <testcase name="testContinueShopping" time="3.287" classname="com.valentine.test.AddFewItemsToCart"/>
  <testcase name="testCARTbuttonOpensPopup" time="6.973" classname="com.valentine.test.AddFewItemsToCart"/>
</testsuite> <!-- com.valentine.test.AddFewItemsToCart -->
