<?xml version="1.0" encoding="UTF-8"?>
<!-- Generated by org.testng.reporters.JUnitReportReporter -->
<testsuite hostname="ONagirna" name="com.valentine.test.AddItemToCartTest" tests="2" failures="0" timestamp="25 May 2017 14:54:58 GMT" time="40.030" errors="0">
  <testcase name="testAddCardButtonOpensPopup" time="33.612" classname="com.valentine.test.AddItemToCartTest"/>
  <testcase name="testAddToCartButtonOnPopupRedirectsToCartPage" time="6.418" classname="com.valentine.test.AddItemToCartTest"/>
</testsuite> <!-- com.valentine.test.AddItemToCartTest -->
