<?xml version="1.0" encoding="UTF-8"?>
<!-- Generated by org.testng.reporters.JUnitReportReporter -->
<testsuite name="com.valentine.test.AddItemToCartTest" tests="2" time="12.567" ignored="0" failures="0" timestamp="10 трав. 2017 08:46:31 GMT" skipped="0" hostname="ONagirna" errors="0">
  <testcase name="testAddToCartButtonOnPopupRedirectsToCartPage" time="5.304" classname="com.valentine.test.AddItemToCartTest"/>
  <testcase name="testAddCardButtonOpensPopup" time="7.263" classname="com.valentine.test.AddItemToCartTest"/>
</testsuite> <!-- com.valentine.test.AddItemToCartTest -->
